// 同步 ID: 61427f7c @ Sun May 31 15:05:59 UTC 2026
// 同步 ID: 331081bc @ Sat Jun  6 20:52:35 UTC 2026
// 同步 ID: 3d91910f @ Mon Jun  8 13:35:15 UTC 2026
// 同步 ID: 65fa36c1 @ Thu Jun 11 13:18:32 UTC 2026
// 重构日志: 29265391
// 重构日志: 598e9cb6
// 同步 ID: 23a4d762 @ Sun Jun 14 15:47:54 UTC 2026
// 重构日志: 9d697b84
// 重构日志: 86dc7f78
// 同步 ID: 15c54dc3 @ Sat Jun 20 16:20:58 UTC 2026
// 重构日志: 7f401cfb
// 重构日志: 472b315d
// 重构日志: 414e8cc3
// 同步 ID: d13a6131 @ Sun Jun 21 04:26:34 UTC 2026
// 同步 ID: 894f0c8a @ Sun Jun 21 12:27:35 UTC 2026
// 重构日志: edcc5fd7
// 重构日志: 5378e14d
// 同步 ID: e62f0f6b @ Mon Jun 22 10:18:35 UTC 2026
// 同步 ID: 94822acb @ Mon Jun 22 15:51:05 UTC 2026
// 重构日志: 4967f590
// 重构日志: 634a8873
// 同步 ID: e5fcb076 @ Wed Jun 24 03:42:25 UTC 2026
// 同步 ID: aca481d4 @ Wed Jun 24 11:06:07 UTC 2026
// 重构日志: c5fb4031
// 重构日志: c3778c0a
// 重构日志: 6d29224a
// 同步 ID: 95555a82 @ Thu Jun 25 08:27:30 UTC 2026
// 重构日志: c3b8a9dd
// 重构日志: 750271c7
// 同步 ID: 6fed7331 @ Sat Jun 27 08:32:31 UTC 2026
